{
  "RSpec": {
    "coverage": {
      "/home/konstaku/Documents/ratebeer/app/models/rating.rb": [
        1,
        1,
        1,
        1,
        1,
        1,
        5,
        null,
        null
      ],
      "/home/konstaku/Documents/ratebeer/app/helpers/application_helper.rb": [
        1,
        null
      ],
      "/home/konstaku/Documents/ratebeer/app/helpers/beer_clubs_helper.rb": [
        1,
        null
      ],
      "/home/konstaku/Documents/ratebeer/app/helpers/beers_helper.rb": [
        1,
        null
      ],
      "/home/konstaku/Documents/ratebeer/app/helpers/breweries_helper.rb": [
        1,
        null
      ],
      "/home/konstaku/Documents/ratebeer/app/helpers/memberships_helper.rb": [
        1,
        null
      ],
      "/home/konstaku/Documents/ratebeer/app/helpers/users_helper.rb": [
        1,
        null
      ],
      "/home/konstaku/Documents/ratebeer/app/models/beer.rb": [
        1,
        1,
        1,
        1,
        1,
        1,
        1,
        null,
        1,
        34,
        34,
        2,
        null,
        null,
        null,
        1,
        0,
        0,
        null,
        null,
        1,
        10,
        null,
        null
      ],
      "/home/konstaku/Documents/ratebeer/app/models/concerns/rating_average.rb": [
        1,
        1,
        1,
        9,
        19,
        null,
        1,
        null,
        null,
        null,
        null,
        null
      ],
      "/home/konstaku/Documents/ratebeer/app/models/brewery.rb": [
        1,
        1,
        1,
        1,
        1,
        1,
        1,
        null,
        1,
        34,
        null,
        0,
        null,
        null,
        null,
        1,
        0,
        0,
        0,
        null,
        null,
        1,
        0,
        0,
        0,
        0,
        null,
        null,
        1,
        0,
        0,
        0,
        0,
        0,
        null,
        null,
        null,
        null,
        null
      ],
      "/home/konstaku/Documents/ratebeer/app/models/user.rb": [
        1,
        1,
        1,
        1,
        1,
        1,
        1,
        1,
        1,
        null,
        1,
        3,
        2,
        null,
        null,
        1,
        9,
        8,
        8,
        8,
        3,
        3,
        3,
        null,
        null,
        1,
        3,
        3,
        15,
        15,
        30,
        null,
        15,
        15,
        3,
        3,
        null,
        null,
        3,
        null,
        null,
        1,
        9,
        8,
        8,
        8,
        8,
        8,
        null,
        null,
        1,
        8,
        8,
        11,
        11,
        11,
        17,
        11,
        11,
        null,
        null,
        11,
        11,
        9,
        9,
        null,
        null,
        8,
        null,
        null,
        null
      ],
      "/home/konstaku/Documents/ratebeer/app/controllers/sessions_controller.rb": [
        null,
        1,
        1,
        null,
        null,
        null,
        1,
        13,
        13,
        12,
        12,
        null,
        1,
        null,
        null,
        null,
        1,
        0,
        0,
        null,
        null
      ],
      "/home/konstaku/Documents/ratebeer/app/controllers/application_controller.rb": [
        1,
        null,
        null,
        1,
        1,
        null,
        1,
        null,
        1,
        235,
        170,
        null,
        null,
        1,
        4,
        null,
        null
      ],
      "/home/konstaku/Documents/ratebeer/app/controllers/users_controller.rb": [
        1,
        1,
        null,
        null,
        null,
        1,
        0,
        null,
        null,
        null,
        null,
        1,
        null,
        null,
        null,
        1,
        1,
        null,
        null,
        null,
        1,
        null,
        null,
        null,
        null,
        1,
        1,
        null,
        1,
        1,
        2,
        1,
        null,
        0,
        0,
        null,
        null,
        null,
        null,
        null,
        null,
        1,
        0,
        0,
        0,
        0,
        null,
        0,
        0,
        null,
        null,
        null,
        null,
        null,
        null,
        null,
        1,
        0,
        0,
        0,
        0,
        0,
        0,
        null,
        null,
        null,
        null,
        1,
        null,
        1,
        19,
        null,
        null,
        null,
        1,
        1,
        null,
        null
      ],
      "/home/konstaku/Documents/ratebeer/app/models/membership.rb": [
        1,
        1,
        1,
        null
      ],
      "/home/konstaku/Documents/ratebeer/app/models/beer_club.rb": [
        1,
        1,
        1,
        null,
        1,
        0,
        null,
        null
      ],
      "/home/konstaku/Documents/ratebeer/app/controllers/beers_controller.rb": [
        1,
        1,
        1,
        1,
        null,
        null,
        null,
        1,
        3,
        null,
        null,
        null,
        null,
        1,
        null,
        null,
        null,
        1,
        2,
        2,
        null,
        null,
        null,
        1,
        0,
        null,
        null,
        null,
        null,
        null,
        1,
        2,
        null,
        2,
        2,
        2,
        1,
        null,
        1,
        2,
        1,
        null,
        null,
        null,
        null,
        1,
        7,
        7,
        null,
        null,
        null,
        null,
        1,
        0,
        0,
        0,
        0,
        null,
        0,
        0,
        null,
        null,
        null,
        null,
        null,
        null,
        1,
        0,
        0,
        0,
        0,
        null,
        null,
        null,
        1,
        null,
        1,
        0,
        null,
        null,
        null,
        1,
        2,
        null,
        null,
        null
      ],
      "/home/konstaku/Documents/ratebeer/app/controllers/breweries_controller.rb": [
        1,
        1,
        1,
        null,
        null,
        null,
        null,
        1,
        3,
        null,
        null,
        null,
        null,
        1,
        null,
        null,
        null,
        1,
        0,
        null,
        null,
        null,
        1,
        null,
        null,
        null,
        null,
        1,
        0,
        null,
        0,
        0,
        0,
        0,
        null,
        0,
        0,
        null,
        null,
        null,
        null,
        null,
        null,
        1,
        0,
        0,
        0,
        0,
        null,
        0,
        0,
        null,
        null,
        null,
        null,
        null,
        null,
        1,
        0,
        0,
        0,
        0,
        null,
        null,
        null,
        1,
        null,
        1,
        1,
        null,
        null,
        null,
        1,
        0,
        null,
        null
      ],
      "/home/konstaku/Documents/ratebeer/lib/beermapping_api.rb": [
        1,
        null,
        1,
        6,
        10,
        null,
        null,
        1,
        null,
        1,
        4,
        null,
        4,
        3,
        null,
        3,
        null,
        2,
        2,
        2,
        null,
        null,
        null,
        1,
        0,
        null,
        null
      ],
      "/home/konstaku/Documents/ratebeer/app/models/place.rb": [
        1,
        1,
        1,
        null,
        1,
        6,
        null,
        null
      ],
      "/home/konstaku/Documents/ratebeer/app/controllers/places_controller.rb": [
        1,
        null,
        1,
        null,
        null,
        1,
        3,
        3,
        1,
        null,
        2,
        null,
        null,
        null,
        null
      ],
      "/home/konstaku/Documents/ratebeer/app/controllers/ratings_controller.rb": [
        null,
        1,
        null,
        1,
        3,
        null,
        null,
        1,
        1,
        1,
        1,
        1,
        null,
        0,
        0,
        null,
        null,
        null,
        1,
        1,
        1,
        null,
        null,
        1,
        1,
        1,
        1,
        null,
        null
      ],
      "/home/konstaku/Documents/ratebeer/app/controllers/beer_clubs_controller.rb": [
        0,
        0,
        0,
        0,
        0,
        0,
        0,
        0,
        0,
        0,
        0,
        0,
        0,
        0,
        0,
        0,
        0,
        0,
        0,
        0,
        0,
        0,
        0,
        0,
        0,
        0,
        0,
        0,
        0,
        0,
        0,
        0,
        0,
        0,
        0,
        0,
        0,
        0,
        0,
        0,
        0,
        0,
        0,
        0,
        0,
        0,
        0,
        0,
        0,
        0,
        0,
        0,
        0,
        0,
        0,
        0,
        0,
        0,
        0,
        0,
        0,
        0,
        0,
        0,
        0,
        0,
        0,
        0,
        0,
        0,
        0,
        0,
        0,
        0,
        0
      ],
      "/home/konstaku/Documents/ratebeer/app/controllers/memberships_controller.rb": [
        0,
        0,
        0,
        0,
        0,
        0,
        0,
        0,
        0,
        0,
        0,
        0,
        0,
        0,
        0,
        0,
        0,
        0,
        0,
        0,
        0,
        0,
        0,
        0,
        0,
        0,
        0,
        0,
        0,
        0,
        0,
        0,
        0,
        0,
        0,
        0,
        0,
        0,
        0,
        0,
        0,
        0,
        0,
        0,
        0,
        0,
        0,
        0,
        0,
        0,
        0,
        0,
        0,
        0,
        0,
        0,
        0,
        0,
        0,
        0,
        0,
        0,
        0,
        0,
        0,
        0,
        0,
        0,
        0,
        0,
        0,
        0,
        0,
        0,
        0,
        0,
        0,
        0
      ]
    },
    "timestamp": 1456058018
  }
}
